# JRE version: OpenJDK Runtime Environment Temurin-21.0.4+7 (21.0.4+7) (build 21.0.4+7-LTS)
# Java VM: OpenJDK 64-Bit Server VM Temurin-21.0.4+7 (21.0.4+7-LTS, mixed mode, sharing, tiered, compressed oops, compressed class ptrs, g1 gc, windows-amd64)
GC Precious Log:
 CardTable entry size: 512
 Card Set container configuration: InlinePtr #cards 5 size 8 Array Of Cards #cards 12 size 40 Howl #buckets 4 coarsen threshold 1843 Howl Bitmap #cards 512 size 80 coarsen threshold 460 Card regions per heap region 1 cards per card region 2048
 CPUs: 8 total, 8 available
 Memory: 8025M
 Large Page Support: Disabled
 NUMA Support: Disabled
 Compressed Oops: Enabled (32-bit)
 Heap Region Size: 1M
 Heap Min Capacity: 256M
 Heap Initial Capacity: 256M
 Heap Max Capacity: 512M
 Pre-touch: Disabled
 Parallel Workers: 8
 Concurrent Workers: 2
 Concurrent Refinement Workers: 8
 Periodic GC: Disabled
Heap:
 garbage-first heap   total 262144K, used 154980K [0x00000000e0000000, 0x0000000100000000)
  region size 1024K, 102 young (104448K), 10 survivors (10240K)
 Metaspace       used 95116K, committed 96640K, reserved 458752K
  class space    used 12788K, committed 13824K, reserved 327680K
GC Heap History (20 events):
Event: 6.508 GC heap before
{Heap before GC invocations=5 (full 0):
 garbage-first heap   total 262144K, used 131001K [0x00000000e0000000, 0x0000000100000000)
  region size 1024K, 118 young (120832K), 13 survivors (13312K)
 Metaspace       used 34739K, committed 35968K, reserved 393216K
  class space    used 4933K, committed 5568K, reserved 327680K
}
Event: 6.523 GC heap after
{Heap after GC invocations=6 (full 0):
 garbage-first heap   total 262144K, used 34014K [0x00000000e0000000, 0x0000000100000000)
  region size 1024K, 19 young (19456K), 19 survivors (19456K)
 Metaspace       used 34739K, committed 35968K, reserved 393216K
  class space    used 4933K, committed 5568K, reserved 327680K
}
Event: 6.571 GC heap before
{Heap before GC invocations=6 (full 0):
 garbage-first heap   total 262144K, used 37086K [0x00000000e0000000, 0x0000000100000000)
  region size 1024K, 23 young (23552K), 19 survivors (19456K)
 Metaspace       used 35073K, committed 36288K, reserved 393216K
  class space    used 4992K, committed 5632K, reserved 327680K
}
Event: 6.585 GC heap after
{Heap after GC invocations=7 (full 0):
 garbage-first heap   total 262144K, used 33169K [0x00000000e0000000, 0x0000000100000000)
  region size 1024K, 8 young (8192K), 8 survivors (8192K)
 Metaspace       used 35073K, committed 36288K, reserved 393216K
  class space    used 4992K, committed 5632K, reserved 327680K
}
Event: 6.623 GC heap before
{Heap before GC invocations=7 (full 0):
 garbage-first heap   total 262144K, used 35217K [0x00000000e0000000, 0x0000000100000000)
  region size 1024K, 11 young (11264K), 8 survivors (8192K)
 Metaspace       used 35348K, committed 36608K, reserved 393216K
  class space    used 5036K, committed 5696K, reserved 327680K
}
Event: 6.630 GC heap after
{Heap after GC invocations=8 (full 0):
 garbage-first heap   total 262144K, used 33014K [0x00000000e0000000, 0x0000000100000000)
  region size 1024K, 8 young (8192K), 8 survivors (8192K)
 Metaspace       used 35348K, committed 36608K, reserved 393216K
  class space    used 5036K, committed 5696K, reserved 327680K
}
Event: 9.179 GC heap before
{Heap before GC invocations=9 (full 0):
 garbage-first heap   total 262144K, used 182518K [0x00000000e0000000, 0x0000000100000000)
  region size 1024K, 153 young (156672K), 8 survivors (8192K)
 Metaspace       used 50301K, committed 52096K, reserved 393216K
  class space    used 7422K, committed 8320K, reserved 327680K
}
Event: 9.195 GC heap after
{Heap after GC invocations=10 (full 0):
 garbage-first heap   total 262144K, used 39696K [0x00000000e0000000, 0x0000000100000000)
  region size 1024K, 15 young (15360K), 15 survivors (15360K)
 Metaspace       used 50301K, committed 52096K, reserved 393216K
  class space    used 7422K, committed 8320K, reserved 327680K
}
Event: 10.805 GC heap before
{Heap before GC invocations=10 (full 0):
 garbage-first heap   total 262144K, used 126736K [0x00000000e0000000, 0x0000000100000000)
  region size 1024K, 101 young (103424K), 15 survivors (15360K)
 Metaspace       used 59514K, committed 61376K, reserved 393216K
  class space    used 8720K, committed 9664K, reserved 327680K
}
Event: 10.820 GC heap after
{Heap after GC invocations=11 (full 0):
 garbage-first heap   total 262144K, used 43469K [0x00000000e0000000, 0x0000000100000000)
  region size 1024K, 12 young (12288K), 12 survivors (12288K)
 Metaspace       used 59514K, committed 61376K, reserved 393216K
  class space    used 8720K, committed 9664K, reserved 327680K
}
Event: 10.850 GC heap before
{Heap before GC invocations=11 (full 0):
 garbage-first heap   total 262144K, used 46541K [0x00000000e0000000, 0x0000000100000000)
  region size 1024K, 16 young (16384K), 12 survivors (12288K)
 Metaspace       used 59818K, committed 61696K, reserved 393216K
  class space    used 8768K, committed 9728K, reserved 327680K
}
Event: 10.860 GC heap after
{Heap after GC invocations=12 (full 0):
 garbage-first heap   total 262144K, used 44305K [0x00000000e0000000, 0x0000000100000000)
  region size 1024K, 6 young (6144K), 6 survivors (6144K)
 Metaspace       used 59818K, committed 61696K, reserved 393216K
  class space    used 8768K, committed 9728K, reserved 327680K
}
Event: 13.953 GC heap before
{Heap before GC invocations=13 (full 0):
 garbage-first heap   total 262144K, used 198929K [0x00000000e0000000, 0x0000000100000000)
  region size 1024K, 153 young (156672K), 6 survivors (6144K)
 Metaspace       used 80350K, committed 82432K, reserved 458752K
  class space    used 11568K, committed 12608K, reserved 327680K
}
Event: 13.968 GC heap after
{Heap after GC invocations=14 (full 0):
 garbage-first heap   total 262144K, used 53552K [0x00000000e0000000, 0x0000000100000000)
  region size 1024K, 15 young (15360K), 15 survivors (15360K)
 Metaspace       used 80350K, committed 82432K, reserved 458752K
  class space    used 11568K, committed 12608K, reserved 327680K
}
Event: 1096.465 GC heap before
{Heap before GC invocations=14 (full 0):
 garbage-first heap   total 262144K, used 193840K [0x00000000e0000000, 0x0000000100000000)
  region size 1024K, 153 young (156672K), 15 survivors (15360K)
 Metaspace       used 90689K, committed 92800K, reserved 458752K
  class space    used 12708K, committed 13760K, reserved 327680K
}
Event: 1096.490 GC heap after
{Heap after GC invocations=15 (full 0):
 garbage-first heap   total 262144K, used 60429K [0x00000000e0000000, 0x0000000100000000)
  region size 1024K, 17 young (17408K), 17 survivors (17408K)
 Metaspace       used 90689K, committed 92800K, reserved 458752K
  class space    used 12708K, committed 13760K, reserved 327680K
}
Event: 7155.462 GC heap before
{Heap before GC invocations=15 (full 0):
 garbage-first heap   total 262144K, used 199693K [0x00000000e0000000, 0x0000000100000000)
  region size 1024K, 153 young (156672K), 17 survivors (17408K)
 Metaspace       used 90811K, committed 92928K, reserved 458752K
  class space    used 12708K, committed 13760K, reserved 327680K
}
Event: 7155.508 GC heap after
{Heap after GC invocations=16 (full 0):
 garbage-first heap   total 262144K, used 59659K [0x00000000e0000000, 0x0000000100000000)
  region size 1024K, 7 young (7168K), 7 survivors (7168K)
 Metaspace       used 90811K, committed 92928K, reserved 458752K
  class space    used 12708K, committed 13760K, reserved 327680K
}
Event: 9302.805 GC heap before
{Heap before GC invocations=16 (full 0):
 garbage-first heap   total 262144K, used 208139K [0x00000000e0000000, 0x0000000100000000)
  region size 1024K, 153 young (156672K), 7 survivors (7168K)
 Metaspace       used 92218K, committed 94336K, reserved 458752K
  class space    used 12763K, committed 13824K, reserved 327680K
}
Event: 9302.817 GC heap after
{Heap after GC invocations=17 (full 0):
 garbage-first heap   total 262144K, used 62820K [0x00000000e0000000, 0x0000000100000000)
  region size 1024K, 10 young (10240K), 10 survivors (10240K)
 Metaspace       used 92218K, committed 94336K, reserved 458752K
  class space    used 12763K, committed 13824K, reserved 327680K
}

